
---
To: ahmadkabirudokoro@gmail.com
Subject: Your seller application has been rejected

Hi Ahmad,

We reviewed your seller application and it has been rejected.
If you believe this is a mistake, please re-register or contact support for assistance.

Regards,
Campus Marketplace Team
---

---
To: ahmadkdokoro041@gmail.com
Subject: Your seller application has been rejected

Hi kalid,

We reviewed your seller application and it has been rejected.
If you believe this is a mistake, please re-register or contact support for assistance.

Regards,
Campus Marketplace Team
---

---
To: ahmadkabirudokoro@gmail.com
Subject: Your seller application has been rejected

Hi kalid,

We reviewed your seller application and it has been rejected.
If you believe this is a mistake, please re-register or contact support for assistance.

Regards,
Campus Marketplace Team
---

---
To: ahmadkabirudokoro@gmail.com
Subject: Your seller application has been rejected

Hi zara,

We reviewed your seller application and it has been rejected.
If you believe this is a mistake, please re-register or contact support for assistance.

Regards,
Campus Marketplace Team
---
